0 info it worked if it ends with ok
1 verbose cli [ '/usr/local/bin/node',
1 verbose cli   '/usr/local/bin/npm',
1 verbose cli   'install',
1 verbose cli   '--save-dev',
1 verbose cli   'chai' ]
2 info using npm@1.4.28
3 info using node@v0.10.33
4 warn package.json Mockingbird@1.0.0 No repository field.
5 warn package.json Mockingbird@1.0.0 No README data
6 verbose readDependencies using package.json deps
7 verbose cache add [ 'chai', null ]
8 verbose cache add name=undefined spec="chai" args=["chai",null]
9 verbose parsed url { protocol: null,
9 verbose parsed url   slashes: null,
9 verbose parsed url   auth: null,
9 verbose parsed url   host: null,
9 verbose parsed url   port: null,
9 verbose parsed url   hostname: null,
9 verbose parsed url   hash: null,
9 verbose parsed url   search: null,
9 verbose parsed url   query: null,
9 verbose parsed url   pathname: 'chai',
9 verbose parsed url   path: 'chai',
9 verbose parsed url   href: 'chai' }
10 silly lockFile 353fd541-chai chai
11 verbose lock chai /Users/tflatt/.npm/353fd541-chai.lock
12 silly lockFile 353fd541-chai chai
13 silly lockFile 353fd541-chai chai
14 verbose addNamed [ 'chai', '' ]
15 verbose addNamed [ null, '*' ]
16 silly lockFile 583c5f63-chai chai@
17 verbose lock chai@ /Users/tflatt/.npm/583c5f63-chai.lock
18 silly addNameRange { name: 'chai', range: '*', hasData: false }
19 verbose request where is /chai
20 verbose request registry https://registry.npmjs.org/
21 verbose request id 8dba6fb44ac984e3
22 verbose url raw /chai
23 verbose url resolving [ 'https://registry.npmjs.org/', './chai' ]
24 verbose url resolved https://registry.npmjs.org/chai
25 verbose request where is https://registry.npmjs.org/chai
26 info trying registry request attempt 1 at 21:19:41
27 http GET https://registry.npmjs.org/chai
28 http 200 https://registry.npmjs.org/chai
29 silly registry.get cb [ 200,
29 silly registry.get   { date: 'Thu, 13 Nov 2014 03:19:42 GMT',
29 silly registry.get     server: 'CouchDB/1.5.0 (Erlang OTP/R16B03)',
29 silly registry.get     etag: '"33RI8I2NRQ3WLAIE0Y7WSGAFU"',
29 silly registry.get     'content-type': 'application/json',
29 silly registry.get     'cache-control': 'max-age=60',
29 silly registry.get     'content-length': '64545',
29 silly registry.get     'accept-ranges': 'bytes',
29 silly registry.get     via: '1.1 varnish',
29 silly registry.get     age: '0',
29 silly registry.get     'x-served-by': 'cache-dfw1828-DFW',
29 silly registry.get     'x-cache': 'HIT',
29 silly registry.get     'x-cache-hits': '1',
29 silly registry.get     'x-timer': 'S1415848782.011229,VS0,VE182',
29 silly registry.get     vary: 'Accept',
29 silly registry.get     'keep-alive': 'timeout=10, max=50',
29 silly registry.get     connection: 'Keep-Alive' } ]
30 silly addNameRange number 2 { name: 'chai', range: '*', hasData: true }
31 silly addNameRange versions [ 'chai',
31 silly addNameRange   [ '0.0.1',
31 silly addNameRange     '0.0.2',
31 silly addNameRange     '0.1.0',
31 silly addNameRange     '0.1.1',
31 silly addNameRange     '0.1.2',
31 silly addNameRange     '0.1.3',
31 silly addNameRange     '0.1.4',
31 silly addNameRange     '0.1.5',
31 silly addNameRange     '0.1.6',
31 silly addNameRange     '0.1.7',
31 silly addNameRange     '0.2.0',
31 silly addNameRange     '0.2.1',
31 silly addNameRange     '0.2.2',
31 silly addNameRange     '0.2.3',
31 silly addNameRange     '0.2.4',
31 silly addNameRange     '0.3.0',
31 silly addNameRange     '0.3.1',
31 silly addNameRange     '0.3.2',
31 silly addNameRange     '0.3.3',
31 silly addNameRange     '0.3.4',
31 silly addNameRange     '0.4.0',
31 silly addNameRange     '0.4.1',
31 silly addNameRange     '0.4.2',
31 silly addNameRange     '0.5.0',
31 silly addNameRange     '0.5.1',
31 silly addNameRange     '0.5.2',
31 silly addNameRange     '0.5.3',
31 silly addNameRange     '1.0.0',
31 silly addNameRange     '1.0.1',
31 silly addNameRange     '1.0.2',
31 silly addNameRange     '1.0.3',
31 silly addNameRange     '1.0.4',
31 silly addNameRange     '1.1.0',
31 silly addNameRange     '1.1.1',
31 silly addNameRange     '1.2.0',
31 silly addNameRange     '1.3.0',
31 silly addNameRange     '1.4.0',
31 silly addNameRange     '1.4.1',
31 silly addNameRange     '1.4.2',
31 silly addNameRange     '1.5.0',
31 silly addNameRange     '1.6.0',
31 silly addNameRange     '1.6.1',
31 silly addNameRange     '1.7.0',
31 silly addNameRange     '1.7.1',
31 silly addNameRange     '1.7.2',
31 silly addNameRange     '1.8.0',
31 silly addNameRange     '1.8.1',
31 silly addNameRange     '1.9.0',
31 silly addNameRange     '1.9.1',
31 silly addNameRange     '1.9.2',
31 silly addNameRange     '1.10.0' ] ]
32 verbose addNamed [ 'chai', '1.10.0' ]
33 verbose addNamed [ '1.10.0', '1.10.0' ]
34 silly lockFile 6724da50-chai-1-10-0 chai@1.10.0
35 verbose lock chai@1.10.0 /Users/tflatt/.npm/6724da50-chai-1-10-0.lock
36 silly lockFile 96722836-y-npmjs-org-chai-chai-1-10-0-tgz https://registry.npmjs.org/chai/-/chai-1.10.0.tgz
37 verbose lock https://registry.npmjs.org/chai/-/chai-1.10.0.tgz /Users/tflatt/.npm/96722836-y-npmjs-org-chai-chai-1-10-0-tgz.lock
38 verbose addRemoteTarball [ 'https://registry.npmjs.org/chai/-/chai-1.10.0.tgz',
38 verbose addRemoteTarball   'e4031cc87654461a75943e5a35ab46eaf39c1eb9' ]
39 info retry fetch attempt 1 at 21:19:42
40 verbose fetch to= /var/folders/fz/cy04fzqx3wbcgfmy97llt17m0000gn/T/npm-6800-x3_qDlW7/registry.npmjs.org/chai/-/chai-1.10.0.tgz
41 http GET https://registry.npmjs.org/chai/-/chai-1.10.0.tgz
42 http 200 https://registry.npmjs.org/chai/-/chai-1.10.0.tgz
43 silly lockFile 96722836-y-npmjs-org-chai-chai-1-10-0-tgz https://registry.npmjs.org/chai/-/chai-1.10.0.tgz
44 silly lockFile 96722836-y-npmjs-org-chai-chai-1-10-0-tgz https://registry.npmjs.org/chai/-/chai-1.10.0.tgz
45 silly lockFile 6724da50-chai-1-10-0 chai@1.10.0
46 silly lockFile 6724da50-chai-1-10-0 chai@1.10.0
47 silly lockFile 583c5f63-chai chai@
48 silly lockFile 583c5f63-chai chai@
49 silly resolved [ { author: { name: 'Jake Luer', email: 'jake@alogicalparadox.com' },
49 silly resolved     name: 'chai',
49 silly resolved     description: 'BDD/TDD assertion library for node.js and the browser. Test framework agnostic.',
49 silly resolved     keywords: [ 'test', 'assertion', 'assert', 'testing', 'chai' ],
49 silly resolved     homepage: 'http://chaijs.com',
49 silly resolved     license: 'MIT',
49 silly resolved     contributors: [ [Object], [Object], [Object], [Object] ],
49 silly resolved     version: '1.10.0',
49 silly resolved     repository: { type: 'git', url: 'https://github.com/chaijs/chai' },
49 silly resolved     bugs: { url: 'https://github.com/chaijs/chai/issues' },
49 silly resolved     main: './index',
49 silly resolved     scripts: { test: 'make test' },
49 silly resolved     engines: { node: '>= 0.4.0' },
49 silly resolved     dependencies: { 'assertion-error': '1.0.0', 'deep-eql': '0.1.3' },
49 silly resolved     devDependencies:
49 silly resolved      { component: '*',
49 silly resolved        karma: '0.12.x',
49 silly resolved        'karma-mocha': '*',
49 silly resolved        'karma-sauce-launcher': '0.2.x',
49 silly resolved        'karma-phantomjs-launcher': '0.1.1',
49 silly resolved        mocha: '1.21.x',
49 silly resolved        istanbul: '0.2.x' },
49 silly resolved     gitHead: 'c8b3208ce4237d4e0b16508174d616f155c984a2',
49 silly resolved     _id: 'chai@1.10.0',
49 silly resolved     _shasum: 'e4031cc87654461a75943e5a35ab46eaf39c1eb9',
49 silly resolved     _from: 'chai@',
49 silly resolved     _npmVersion: '2.0.0',
49 silly resolved     _npmUser: { name: 'jakeluer', email: 'jake@alogicalparadox.com' },
49 silly resolved     maintainers: [ [Object] ],
49 silly resolved     dist:
49 silly resolved      { shasum: 'e4031cc87654461a75943e5a35ab46eaf39c1eb9',
49 silly resolved        tarball: 'http://registry.npmjs.org/chai/-/chai-1.10.0.tgz' },
49 silly resolved     directories: {},
49 silly resolved     _resolved: 'https://registry.npmjs.org/chai/-/chai-1.10.0.tgz' } ]
50 info install chai@1.10.0 into /Users/tflatt/Documents/Projects/Javascript/Mockingbird/site
51 info installOne chai@1.10.0
52 verbose node_modules/chai unbuild
53 verbose tar unpack /Users/tflatt/.npm/chai/1.10.0/package.tgz
54 silly lockFile d99f8e58-ckingbird-site-node-modules-chai tar:///Users/tflatt/Documents/Projects/Javascript/Mockingbird/site/node_modules/chai
55 verbose lock tar:///Users/tflatt/Documents/Projects/Javascript/Mockingbird/site/node_modules/chai /Users/tflatt/.npm/d99f8e58-ckingbird-site-node-modules-chai.lock
56 silly lockFile ca7fc424-latt-npm-chai-1-10-0-package-tgz tar:///Users/tflatt/.npm/chai/1.10.0/package.tgz
57 verbose lock tar:///Users/tflatt/.npm/chai/1.10.0/package.tgz /Users/tflatt/.npm/ca7fc424-latt-npm-chai-1-10-0-package-tgz.lock
58 silly gunzTarPerm modes [ '755', '644' ]
59 silly gunzTarPerm extractEntry package.json
60 silly gunzTarPerm modified mode [ 'package.json', 436, 420 ]
61 silly gunzTarPerm extractEntry .npmignore
62 silly gunzTarPerm modified mode [ '.npmignore', 436, 420 ]
63 silly gunzTarPerm extractEntry README.md
64 silly gunzTarPerm modified mode [ 'README.md', 436, 420 ]
65 silly gunzTarPerm extractEntry chai.js
66 silly gunzTarPerm modified mode [ 'chai.js', 436, 420 ]
67 silly gunzTarPerm extractEntry index.js
68 silly gunzTarPerm modified mode [ 'index.js', 436, 420 ]
69 silly gunzTarPerm extractEntry karma.conf.js
70 silly gunzTarPerm modified mode [ 'karma.conf.js', 436, 420 ]
71 silly gunzTarPerm extractEntry karma.sauce.js
72 silly gunzTarPerm modified mode [ 'karma.sauce.js', 436, 420 ]
73 silly gunzTarPerm extractEntry sauce.browsers.js
74 silly gunzTarPerm modified mode [ 'sauce.browsers.js', 436, 420 ]
75 silly gunzTarPerm extractEntry ReleaseNotes.md
76 silly gunzTarPerm modified mode [ 'ReleaseNotes.md', 436, 420 ]
77 silly gunzTarPerm extractEntry bower.json
78 silly gunzTarPerm modified mode [ 'bower.json', 436, 420 ]
79 silly gunzTarPerm extractEntry CONTRIBUTING.md
80 silly gunzTarPerm modified mode [ 'CONTRIBUTING.md', 436, 420 ]
81 silly gunzTarPerm extractEntry History.md
82 silly gunzTarPerm modified mode [ 'History.md', 384, 420 ]
83 silly gunzTarPerm extractEntry lib/chai.js
84 silly gunzTarPerm modified mode [ 'lib/chai.js', 436, 420 ]
85 silly gunzTarPerm extractEntry lib/chai/assertion.js
86 silly gunzTarPerm modified mode [ 'lib/chai/assertion.js', 436, 420 ]
87 silly gunzTarPerm extractEntry lib/chai/config.js
88 silly gunzTarPerm modified mode [ 'lib/chai/config.js', 436, 420 ]
89 silly gunzTarPerm extractEntry lib/chai/core/assertions.js
90 silly gunzTarPerm modified mode [ 'lib/chai/core/assertions.js', 436, 420 ]
91 silly gunzTarPerm extractEntry lib/chai/interface/assert.js
92 silly gunzTarPerm modified mode [ 'lib/chai/interface/assert.js', 436, 420 ]
93 silly gunzTarPerm extractEntry lib/chai/interface/expect.js
94 silly gunzTarPerm modified mode [ 'lib/chai/interface/expect.js', 436, 420 ]
95 silly gunzTarPerm extractEntry lib/chai/interface/should.js
96 silly gunzTarPerm modified mode [ 'lib/chai/interface/should.js', 436, 420 ]
97 silly gunzTarPerm extractEntry lib/chai/utils/addChainableMethod.js
98 silly gunzTarPerm modified mode [ 'lib/chai/utils/addChainableMethod.js', 436, 420 ]
99 silly gunzTarPerm extractEntry lib/chai/utils/getMessage.js
100 silly gunzTarPerm modified mode [ 'lib/chai/utils/getMessage.js', 436, 420 ]
101 silly gunzTarPerm extractEntry lib/chai/utils/getName.js
102 silly gunzTarPerm modified mode [ 'lib/chai/utils/getName.js', 436, 420 ]
103 silly gunzTarPerm extractEntry lib/chai/utils/getPathValue.js
104 silly gunzTarPerm modified mode [ 'lib/chai/utils/getPathValue.js', 436, 420 ]
105 silly gunzTarPerm extractEntry lib/chai/utils/getEnumerableProperties.js
106 silly gunzTarPerm modified mode [ 'lib/chai/utils/getEnumerableProperties.js', 436, 420 ]
107 silly gunzTarPerm extractEntry lib/chai/utils/index.js
108 silly gunzTarPerm modified mode [ 'lib/chai/utils/index.js', 436, 420 ]
109 silly gunzTarPerm extractEntry lib/chai/utils/inspect.js
110 silly gunzTarPerm modified mode [ 'lib/chai/utils/inspect.js', 436, 420 ]
111 silly gunzTarPerm extractEntry lib/chai/utils/objDisplay.js
112 silly gunzTarPerm modified mode [ 'lib/chai/utils/objDisplay.js', 436, 420 ]
113 silly gunzTarPerm extractEntry lib/chai/utils/overwriteChainableMethod.js
114 silly gunzTarPerm modified mode [ 'lib/chai/utils/overwriteChainableMethod.js', 436, 420 ]
115 silly gunzTarPerm extractEntry lib/chai/utils/overwriteMethod.js
116 silly gunzTarPerm modified mode [ 'lib/chai/utils/overwriteMethod.js', 436, 420 ]
117 silly gunzTarPerm extractEntry lib/chai/utils/getActual.js
118 silly gunzTarPerm modified mode [ 'lib/chai/utils/getActual.js', 436, 420 ]
119 silly gunzTarPerm extractEntry lib/chai/utils/overwriteProperty.js
120 silly gunzTarPerm modified mode [ 'lib/chai/utils/overwriteProperty.js', 436, 420 ]
121 silly gunzTarPerm extractEntry lib/chai/utils/flag.js
122 silly gunzTarPerm modified mode [ 'lib/chai/utils/flag.js', 436, 420 ]
123 silly gunzTarPerm extractEntry lib/chai/utils/test.js
124 silly gunzTarPerm modified mode [ 'lib/chai/utils/test.js', 436, 420 ]
125 silly gunzTarPerm extractEntry lib/chai/utils/addProperty.js
126 silly gunzTarPerm modified mode [ 'lib/chai/utils/addProperty.js', 436, 420 ]
127 silly gunzTarPerm extractEntry lib/chai/utils/transferFlags.js
128 silly gunzTarPerm modified mode [ 'lib/chai/utils/transferFlags.js', 436, 420 ]
129 silly gunzTarPerm extractEntry lib/chai/utils/addMethod.js
130 silly gunzTarPerm modified mode [ 'lib/chai/utils/addMethod.js', 436, 420 ]
131 silly gunzTarPerm extractEntry lib/chai/utils/type.js
132 silly gunzTarPerm modified mode [ 'lib/chai/utils/type.js', 436, 420 ]
133 silly gunzTarPerm extractEntry lib/chai/utils/getProperties.js
134 silly gunzTarPerm modified mode [ 'lib/chai/utils/getProperties.js', 436, 420 ]
135 silly lockFile d99f8e58-ckingbird-site-node-modules-chai tar:///Users/tflatt/Documents/Projects/Javascript/Mockingbird/site/node_modules/chai
136 silly lockFile d99f8e58-ckingbird-site-node-modules-chai tar:///Users/tflatt/Documents/Projects/Javascript/Mockingbird/site/node_modules/chai
137 silly lockFile ca7fc424-latt-npm-chai-1-10-0-package-tgz tar:///Users/tflatt/.npm/chai/1.10.0/package.tgz
138 silly lockFile ca7fc424-latt-npm-chai-1-10-0-package-tgz tar:///Users/tflatt/.npm/chai/1.10.0/package.tgz
139 info preinstall chai@1.10.0
140 verbose readDependencies using package.json deps
141 verbose readDependencies using package.json deps
142 verbose cache add [ 'assertion-error@1.0.0', null ]
143 verbose cache add name=undefined spec="assertion-error@1.0.0" args=["assertion-error@1.0.0",null]
144 verbose parsed url { protocol: null,
144 verbose parsed url   slashes: null,
144 verbose parsed url   auth: null,
144 verbose parsed url   host: null,
144 verbose parsed url   port: null,
144 verbose parsed url   hostname: null,
144 verbose parsed url   hash: null,
144 verbose parsed url   search: null,
144 verbose parsed url   query: null,
144 verbose parsed url   pathname: 'assertion-error@1.0.0',
144 verbose parsed url   path: 'assertion-error@1.0.0',
144 verbose parsed url   href: 'assertion-error@1.0.0' }
145 verbose cache add [ 'deep-eql@0.1.3', null ]
146 verbose cache add name=undefined spec="deep-eql@0.1.3" args=["deep-eql@0.1.3",null]
147 verbose parsed url { protocol: null,
147 verbose parsed url   slashes: null,
147 verbose parsed url   auth: null,
147 verbose parsed url   host: null,
147 verbose parsed url   port: null,
147 verbose parsed url   hostname: null,
147 verbose parsed url   hash: null,
147 verbose parsed url   search: null,
147 verbose parsed url   query: null,
147 verbose parsed url   pathname: 'deep-eql@0.1.3',
147 verbose parsed url   path: 'deep-eql@0.1.3',
147 verbose parsed url   href: 'deep-eql@0.1.3' }
148 verbose cache add name="assertion-error" spec="1.0.0" args=["assertion-error","1.0.0"]
149 verbose parsed url { protocol: null,
149 verbose parsed url   slashes: null,
149 verbose parsed url   auth: null,
149 verbose parsed url   host: null,
149 verbose parsed url   port: null,
149 verbose parsed url   hostname: null,
149 verbose parsed url   hash: null,
149 verbose parsed url   search: null,
149 verbose parsed url   query: null,
149 verbose parsed url   pathname: '1.0.0',
149 verbose parsed url   path: '1.0.0',
149 verbose parsed url   href: '1.0.0' }
150 verbose addNamed [ 'assertion-error', '1.0.0' ]
151 verbose addNamed [ '1.0.0', '1.0.0' ]
152 silly lockFile f5d03964-assertion-error-1-0-0 assertion-error@1.0.0
153 verbose lock assertion-error@1.0.0 /Users/tflatt/.npm/f5d03964-assertion-error-1-0-0.lock
154 verbose cache add name="deep-eql" spec="0.1.3" args=["deep-eql","0.1.3"]
155 verbose parsed url { protocol: null,
155 verbose parsed url   slashes: null,
155 verbose parsed url   auth: null,
155 verbose parsed url   host: null,
155 verbose parsed url   port: null,
155 verbose parsed url   hostname: null,
155 verbose parsed url   hash: null,
155 verbose parsed url   search: null,
155 verbose parsed url   query: null,
155 verbose parsed url   pathname: '0.1.3',
155 verbose parsed url   path: '0.1.3',
155 verbose parsed url   href: '0.1.3' }
156 verbose addNamed [ 'deep-eql', '0.1.3' ]
157 verbose addNamed [ '0.1.3', '0.1.3' ]
158 silly lockFile 9537c900-deep-eql-0-1-3 deep-eql@0.1.3
159 verbose lock deep-eql@0.1.3 /Users/tflatt/.npm/9537c900-deep-eql-0-1-3.lock
160 verbose request where is /assertion-error
161 verbose request registry https://registry.npmjs.org/
162 verbose url raw /assertion-error
163 verbose url resolving [ 'https://registry.npmjs.org/', './assertion-error' ]
164 verbose url resolved https://registry.npmjs.org/assertion-error
165 verbose request where is https://registry.npmjs.org/assertion-error
166 info trying registry request attempt 1 at 21:19:42
167 http GET https://registry.npmjs.org/assertion-error
168 verbose request where is /deep-eql
169 verbose request registry https://registry.npmjs.org/
170 verbose url raw /deep-eql
171 verbose url resolving [ 'https://registry.npmjs.org/', './deep-eql' ]
172 verbose url resolved https://registry.npmjs.org/deep-eql
173 verbose request where is https://registry.npmjs.org/deep-eql
174 info trying registry request attempt 1 at 21:19:42
175 http GET https://registry.npmjs.org/deep-eql
176 http 200 https://registry.npmjs.org/deep-eql
177 silly registry.get cb [ 200,
177 silly registry.get   { date: 'Thu, 13 Nov 2014 03:19:42 GMT',
177 silly registry.get     server: 'CouchDB/1.5.0 (Erlang OTP/R14B04)',
177 silly registry.get     etag: '"B0SZGFO95NUAX6WQVD5ME7IGI"',
177 silly registry.get     'content-type': 'application/json',
177 silly registry.get     'cache-control': 'max-age=60',
177 silly registry.get     'content-length': '16468',
177 silly registry.get     'accept-ranges': 'bytes',
177 silly registry.get     via: '1.1 varnish',
177 silly registry.get     age: '0',
177 silly registry.get     'x-served-by': 'cache-dfw1828-DFW',
177 silly registry.get     'x-cache': 'HIT',
177 silly registry.get     'x-cache-hits': '1',
177 silly registry.get     'x-timer': 'S1415848782.762245,VS0,VE61',
177 silly registry.get     vary: 'Accept',
177 silly registry.get     'keep-alive': 'timeout=10, max=50',
177 silly registry.get     connection: 'Keep-Alive' } ]
178 silly lockFile 00811ea2--org-deep-eql-deep-eql-0-1-3-tgz https://registry.npmjs.org/deep-eql/-/deep-eql-0.1.3.tgz
179 verbose lock https://registry.npmjs.org/deep-eql/-/deep-eql-0.1.3.tgz /Users/tflatt/.npm/00811ea2--org-deep-eql-deep-eql-0-1-3-tgz.lock
180 verbose addRemoteTarball [ 'https://registry.npmjs.org/deep-eql/-/deep-eql-0.1.3.tgz',
180 verbose addRemoteTarball   'ef558acab8de25206cd713906d74e56930eb69f2' ]
181 info retry fetch attempt 1 at 21:19:42
182 verbose fetch to= /var/folders/fz/cy04fzqx3wbcgfmy97llt17m0000gn/T/npm-6800-x3_qDlW7/registry.npmjs.org/deep-eql/-/deep-eql-0.1.3.tgz
183 http GET https://registry.npmjs.org/deep-eql/-/deep-eql-0.1.3.tgz
184 http 200 https://registry.npmjs.org/deep-eql/-/deep-eql-0.1.3.tgz
185 silly lockFile 00811ea2--org-deep-eql-deep-eql-0-1-3-tgz https://registry.npmjs.org/deep-eql/-/deep-eql-0.1.3.tgz
186 silly lockFile 00811ea2--org-deep-eql-deep-eql-0-1-3-tgz https://registry.npmjs.org/deep-eql/-/deep-eql-0.1.3.tgz
187 silly lockFile 9537c900-deep-eql-0-1-3 deep-eql@0.1.3
188 silly lockFile 9537c900-deep-eql-0-1-3 deep-eql@0.1.3
189 http 200 https://registry.npmjs.org/assertion-error
190 silly registry.get cb [ 200,
190 silly registry.get   { date: 'Thu, 13 Nov 2014 03:19:43 GMT',
190 silly registry.get     server: 'CouchDB/1.5.0 (Erlang OTP/R16B03)',
190 silly registry.get     etag: '"3F48829MZCEZAW4IGDFQ2JSQR"',
190 silly registry.get     'content-type': 'application/json',
190 silly registry.get     'cache-control': 'max-age=60',
190 silly registry.get     'content-length': '8250',
190 silly registry.get     'accept-ranges': 'bytes',
190 silly registry.get     via: '1.1 varnish',
190 silly registry.get     age: '0',
190 silly registry.get     'x-served-by': 'cache-dfw1820-DFW',
190 silly registry.get     'x-cache': 'HIT',
190 silly registry.get     'x-cache-hits': '1',
190 silly registry.get     'x-timer': 'S1415848782.760914,VS0,VE252',
190 silly registry.get     vary: 'Accept',
190 silly registry.get     'keep-alive': 'timeout=10, max=50',
190 silly registry.get     connection: 'Keep-Alive' } ]
191 silly lockFile 9043e567--error-assertion-error-1-0-0-tgz https://registry.npmjs.org/assertion-error/-/assertion-error-1.0.0.tgz
192 verbose lock https://registry.npmjs.org/assertion-error/-/assertion-error-1.0.0.tgz /Users/tflatt/.npm/9043e567--error-assertion-error-1-0-0-tgz.lock
193 verbose addRemoteTarball [ 'https://registry.npmjs.org/assertion-error/-/assertion-error-1.0.0.tgz',
193 verbose addRemoteTarball   'c7f85438fdd466bc7ca16ab90c81513797a5d23b' ]
194 info retry fetch attempt 1 at 21:19:43
195 verbose fetch to= /var/folders/fz/cy04fzqx3wbcgfmy97llt17m0000gn/T/npm-6800-x3_qDlW7/registry.npmjs.org/assertion-error/-/assertion-error-1.0.0.tgz
196 http GET https://registry.npmjs.org/assertion-error/-/assertion-error-1.0.0.tgz
197 http 200 https://registry.npmjs.org/assertion-error/-/assertion-error-1.0.0.tgz
198 silly lockFile 9043e567--error-assertion-error-1-0-0-tgz https://registry.npmjs.org/assertion-error/-/assertion-error-1.0.0.tgz
199 silly lockFile 9043e567--error-assertion-error-1-0-0-tgz https://registry.npmjs.org/assertion-error/-/assertion-error-1.0.0.tgz
200 silly lockFile f5d03964-assertion-error-1-0-0 assertion-error@1.0.0
201 silly lockFile f5d03964-assertion-error-1-0-0 assertion-error@1.0.0
202 silly resolved [ { name: 'deep-eql',
202 silly resolved     version: '0.1.3',
202 silly resolved     description: 'Improved deep equality testing for Node.js and the browser.',
202 silly resolved     author: { name: 'Jake Luer', email: 'jake@alogicalparadox.com' },
202 silly resolved     license: 'MIT',
202 silly resolved     keywords: [ 'deep equal', 'object equal', 'testing', 'chai util' ],
202 silly resolved     repository: { type: 'git', url: 'git@github.com:chaijs/deep-eql.git' },
202 silly resolved     engines: { node: '*' },
202 silly resolved     main: './index',
202 silly resolved     scripts: { test: 'make test' },
202 silly resolved     dependencies: { 'type-detect': '0.1.1' },
202 silly resolved     devDependencies:
202 silly resolved      { component: '*',
202 silly resolved        coveralls: '2.0.16',
202 silly resolved        jscoverage: '0.3.7',
202 silly resolved        karma: '0.10.x',
202 silly resolved        'karma-mocha': '*',
202 silly resolved        mocha: '*',
202 silly resolved        'mocha-lcov-reporter': '0.0.1',
202 silly resolved        'simple-assert': '*' },
202 silly resolved     readme: '# deep-eql [![Build Status](https://travis-ci.org/chaijs/deep-eql.png?branch=master)](https://travis-ci.org/chaijs/deep-eql) [![Coverage Status](https://coveralls.io/repos/chaijs/deep-eql/badge.png?branch=master)](https://coveralls.io/r/chaijs/deep-eql?branch=master)\n\n> Improved deep equality testing for Node.js and the browser.\n\n## Installation\n\n### Node.js\n\n`deep-eql` is available on [npm](http://npmjs.org).\n\n    $ npm install deep-eql\n\n### Component\n\n`deep-eql` is available as a [component](https://github.com/component/component).\n\n    $ component install chaijs/deep-eql\n\n## Usage\n\n### Rules\n\n- Strict equality for non-traversable nodes according to [egal](http://wiki.ecmascript.org/doku.php?id=harmony:egal).\n  - `eql(NaN, NaN).should.be.true;`\n  - `eql(-0, +0).should.be.false;`\n- Arguments are not Arrays:\n  - `eql([], arguments).should.be.false;`\n  - `eql([], Array.prototype.slice.call(arguments)).should.be.true;`\n\n## License\n\n(The MIT License)\n\nCopyright (c) 2013 Jake Luer <jake@alogicalparadox.com>\n\nPermission is hereby granted, free of charge, to any person obtaining a copy\nof this software and associated documentation files (the "Software"), to deal\nin the Software without restriction, including without limitation the rights\nto use, copy, modify, merge, publish, distribute, sublicense, and/or sell\ncopies of the Software, and to permit persons to whom the Software is\nfurnished to do so, subject to the following conditions:\n\nThe above copyright notice and this permission notice shall be included in\nall copies or substantial portions of the Software.\n\nTHE SOFTWARE IS PROVIDED "AS IS", WITHOUT WARRANTY OF ANY KIND, EXPRESS OR\nIMPLIED, INCLUDING BUT NOT LIMITED TO THE WARRANTIES OF MERCHANTABILITY,\nFITNESS FOR A PARTICULAR PURPOSE AND NONINFRINGEMENT. IN NO EVENT SHALL THE\nAUTHORS OR COPYRIGHT HOLDERS BE LIABLE FOR ANY CLAIM, DAMAGES OR OTHER\nLIABILITY, WHETHER IN AN ACTION OF CONTRACT, TORT OR OTHERWISE, ARISING FROM,\nOUT OF OR IN CONNECTION WITH THE SOFTWARE OR THE USE OR OTHER DEALINGS IN\nTHE SOFTWARE.\n',
202 silly resolved     readmeFilename: 'README.md',
202 silly resolved     bugs: { url: 'https://github.com/chaijs/deep-eql/issues' },
202 silly resolved     _id: 'deep-eql@0.1.3',
202 silly resolved     dist:
202 silly resolved      { shasum: 'ef558acab8de25206cd713906d74e56930eb69f2',
202 silly resolved        tarball: 'http://registry.npmjs.org/deep-eql/-/deep-eql-0.1.3.tgz' },
202 silly resolved     _from: 'deep-eql@0.1.3',
202 silly resolved     _npmVersion: '1.3.11',
202 silly resolved     _npmUser: { name: 'jakeluer', email: 'jake@alogicalparadox.com' },
202 silly resolved     maintainers: [ [Object] ],
202 silly resolved     directories: {},
202 silly resolved     _shasum: 'ef558acab8de25206cd713906d74e56930eb69f2',
202 silly resolved     _resolved: 'https://registry.npmjs.org/deep-eql/-/deep-eql-0.1.3.tgz' },
202 silly resolved   { name: 'assertion-error',
202 silly resolved     version: '1.0.0',
202 silly resolved     description: 'Error constructor for test and validation frameworks that implements standardized AssertionError specification.',
202 silly resolved     author:
202 silly resolved      { name: 'Jake Luer',
202 silly resolved        email: 'jake@qualiancy.com',
202 silly resolved        url: 'http://qualiancy.com' },
202 silly resolved     license: 'MIT',
202 silly resolved     keywords: [ 'test', 'assertion', 'assertion-error' ],
202 silly resolved     repository:
202 silly resolved      { type: 'git',
202 silly resolved        url: 'git@github.com:chaijs/assertion-error.git' },
202 silly resolved     engines: { node: '*' },
202 silly resolved     main: './index',
202 silly resolved     scripts: { test: 'make test' },
202 silly resolved     dependencies: {},
202 silly resolved     devDependencies: { component: '*' },
202 silly resolved     readme: '# AssertionError [![Build Status](https://travis-ci.org/chaijs/assertion-error.png?branch=master)](https://travis-ci.org/chaijs/assertion-error)\n\n> Error constructor for test and validation frameworks that implements standardized AssertionError specification.\n\n## Installation\n\n### Node.js\n\n`assertion-error` is available on [npm](http://npmjs.org).\n\n    $ npm install assertion-error\n\n### Component\n\n`assertion-error` is available as a [component](https://github.com/component/component).\n\n    $ component install chaijs/assertion-error\n\n## License\n\n(The MIT License)\n\nCopyright (c) 2013 Jake Luer <jake@qualiancy.com> (http://qualiancy.com)\n\nPermission is hereby granted, free of charge, to any person obtaining a copy\nof this software and associated documentation files (the "Software"), to deal\nin the Software without restriction, including without limitation the rights\nto use, copy, modify, merge, publish, distribute, sublicense, and/or sell\ncopies of the Software, and to permit persons to whom the Software is\nfurnished to do so, subject to the following conditions:\n\nThe above copyright notice and this permission notice shall be included in\nall copies or substantial portions of the Software.\n\nTHE SOFTWARE IS PROVIDED "AS IS", WITHOUT WARRANTY OF ANY KIND, EXPRESS OR\nIMPLIED, INCLUDING BUT NOT LIMITED TO THE WARRANTIES OF MERCHANTABILITY,\nFITNESS FOR A PARTICULAR PURPOSE AND NONINFRINGEMENT. IN NO EVENT SHALL THE\nAUTHORS OR COPYRIGHT HOLDERS BE LIABLE FOR ANY CLAIM, DAMAGES OR OTHER\nLIABILITY, WHETHER IN AN ACTION OF CONTRACT, TORT OR OTHERWISE, ARISING FROM,\nOUT OF OR IN CONNECTION WITH THE SOFTWARE OR THE USE OR OTHER DEALINGS IN\nTHE SOFTWARE.\n',
202 silly resolved     readmeFilename: 'README.md',
202 silly resolved     bugs: { url: 'https://github.com/chaijs/assertion-error/issues' },
202 silly resolved     _id: 'assertion-error@1.0.0',
202 silly resolved     dist:
202 silly resolved      { shasum: 'c7f85438fdd466bc7ca16ab90c81513797a5d23b',
202 silly resolved        tarball: 'http://registry.npmjs.org/assertion-error/-/assertion-error-1.0.0.tgz' },
202 silly resolved     _from: 'assertion-error@1.0.0',
202 silly resolved     _npmVersion: '1.2.23',
202 silly resolved     _npmUser: { name: 'jakeluer', email: 'jake@alogicalparadox.com' },
202 silly resolved     maintainers: [ [Object] ],
202 silly resolved     directories: {},
202 silly resolved     _shasum: 'c7f85438fdd466bc7ca16ab90c81513797a5d23b',
202 silly resolved     _resolved: 'https://registry.npmjs.org/assertion-error/-/assertion-error-1.0.0.tgz' } ]
203 info install deep-eql@0.1.3 into /Users/tflatt/Documents/Projects/Javascript/Mockingbird/site/node_modules/chai
204 info install assertion-error@1.0.0 into /Users/tflatt/Documents/Projects/Javascript/Mockingbird/site/node_modules/chai
205 info installOne deep-eql@0.1.3
206 info installOne assertion-error@1.0.0
207 verbose node_modules/chai/node_modules/deep-eql unbuild
208 verbose node_modules/chai/node_modules/assertion-error unbuild
209 verbose tar unpack /Users/tflatt/.npm/deep-eql/0.1.3/package.tgz
210 silly lockFile 7bbc61c9-dules-chai-node-modules-deep-eql tar:///Users/tflatt/Documents/Projects/Javascript/Mockingbird/site/node_modules/chai/node_modules/deep-eql
211 verbose lock tar:///Users/tflatt/Documents/Projects/Javascript/Mockingbird/site/node_modules/chai/node_modules/deep-eql /Users/tflatt/.npm/7bbc61c9-dules-chai-node-modules-deep-eql.lock
212 silly lockFile ced8962e-t-npm-deep-eql-0-1-3-package-tgz tar:///Users/tflatt/.npm/deep-eql/0.1.3/package.tgz
213 verbose lock tar:///Users/tflatt/.npm/deep-eql/0.1.3/package.tgz /Users/tflatt/.npm/ced8962e-t-npm-deep-eql-0-1-3-package-tgz.lock
214 verbose tar unpack /Users/tflatt/.npm/assertion-error/1.0.0/package.tgz
215 silly lockFile 871f625b-hai-node-modules-assertion-error tar:///Users/tflatt/Documents/Projects/Javascript/Mockingbird/site/node_modules/chai/node_modules/assertion-error
216 verbose lock tar:///Users/tflatt/Documents/Projects/Javascript/Mockingbird/site/node_modules/chai/node_modules/assertion-error /Users/tflatt/.npm/871f625b-hai-node-modules-assertion-error.lock
217 silly lockFile faba0f43-ssertion-error-1-0-0-package-tgz tar:///Users/tflatt/.npm/assertion-error/1.0.0/package.tgz
218 verbose lock tar:///Users/tflatt/.npm/assertion-error/1.0.0/package.tgz /Users/tflatt/.npm/faba0f43-ssertion-error-1-0-0-package-tgz.lock
219 silly gunzTarPerm modes [ '755', '644' ]
220 silly gunzTarPerm modes [ '755', '644' ]
221 silly gunzTarPerm extractEntry package.json
222 silly gunzTarPerm extractEntry package.json
223 silly gunzTarPerm extractEntry .npmignore
224 silly gunzTarPerm extractEntry README.md
225 silly gunzTarPerm extractEntry .npmignore
226 silly gunzTarPerm extractEntry README.md
227 silly gunzTarPerm extractEntry index.js
228 silly gunzTarPerm extractEntry karma.conf.js
229 silly gunzTarPerm extractEntry index.js
230 silly gunzTarPerm extractEntry History.md
231 silly gunzTarPerm extractEntry History.md
232 silly gunzTarPerm extractEntry lib/eql.js
233 silly lockFile 871f625b-hai-node-modules-assertion-error tar:///Users/tflatt/Documents/Projects/Javascript/Mockingbird/site/node_modules/chai/node_modules/assertion-error
234 silly lockFile 871f625b-hai-node-modules-assertion-error tar:///Users/tflatt/Documents/Projects/Javascript/Mockingbird/site/node_modules/chai/node_modules/assertion-error
235 silly lockFile faba0f43-ssertion-error-1-0-0-package-tgz tar:///Users/tflatt/.npm/assertion-error/1.0.0/package.tgz
236 silly lockFile faba0f43-ssertion-error-1-0-0-package-tgz tar:///Users/tflatt/.npm/assertion-error/1.0.0/package.tgz
237 info preinstall assertion-error@1.0.0
238 verbose readDependencies using package.json deps
239 verbose readDependencies using package.json deps
240 silly resolved []
241 verbose about to build /Users/tflatt/Documents/Projects/Javascript/Mockingbird/site/node_modules/chai/node_modules/assertion-error
242 info build /Users/tflatt/Documents/Projects/Javascript/Mockingbird/site/node_modules/chai/node_modules/assertion-error
243 verbose linkStuff [ false,
243 verbose linkStuff   false,
243 verbose linkStuff   false,
243 verbose linkStuff   '/Users/tflatt/Documents/Projects/Javascript/Mockingbird/site/node_modules/chai/node_modules' ]
244 info linkStuff assertion-error@1.0.0
245 verbose linkBins assertion-error@1.0.0
246 verbose linkMans assertion-error@1.0.0
247 verbose rebuildBundles assertion-error@1.0.0
248 info install assertion-error@1.0.0
249 info postinstall assertion-error@1.0.0
250 silly lockFile 7bbc61c9-dules-chai-node-modules-deep-eql tar:///Users/tflatt/Documents/Projects/Javascript/Mockingbird/site/node_modules/chai/node_modules/deep-eql
251 silly lockFile 7bbc61c9-dules-chai-node-modules-deep-eql tar:///Users/tflatt/Documents/Projects/Javascript/Mockingbird/site/node_modules/chai/node_modules/deep-eql
252 silly lockFile ced8962e-t-npm-deep-eql-0-1-3-package-tgz tar:///Users/tflatt/.npm/deep-eql/0.1.3/package.tgz
253 silly lockFile ced8962e-t-npm-deep-eql-0-1-3-package-tgz tar:///Users/tflatt/.npm/deep-eql/0.1.3/package.tgz
254 info preinstall deep-eql@0.1.3
255 verbose readDependencies using package.json deps
256 verbose readDependencies using package.json deps
257 verbose cache add [ 'type-detect@0.1.1', null ]
258 verbose cache add name=undefined spec="type-detect@0.1.1" args=["type-detect@0.1.1",null]
259 verbose parsed url { protocol: null,
259 verbose parsed url   slashes: null,
259 verbose parsed url   auth: null,
259 verbose parsed url   host: null,
259 verbose parsed url   port: null,
259 verbose parsed url   hostname: null,
259 verbose parsed url   hash: null,
259 verbose parsed url   search: null,
259 verbose parsed url   query: null,
259 verbose parsed url   pathname: 'type-detect@0.1.1',
259 verbose parsed url   path: 'type-detect@0.1.1',
259 verbose parsed url   href: 'type-detect@0.1.1' }
260 verbose cache add name="type-detect" spec="0.1.1" args=["type-detect","0.1.1"]
261 verbose parsed url { protocol: null,
261 verbose parsed url   slashes: null,
261 verbose parsed url   auth: null,
261 verbose parsed url   host: null,
261 verbose parsed url   port: null,
261 verbose parsed url   hostname: null,
261 verbose parsed url   hash: null,
261 verbose parsed url   search: null,
261 verbose parsed url   query: null,
261 verbose parsed url   pathname: '0.1.1',
261 verbose parsed url   path: '0.1.1',
261 verbose parsed url   href: '0.1.1' }
262 verbose addNamed [ 'type-detect', '0.1.1' ]
263 verbose addNamed [ '0.1.1', '0.1.1' ]
264 silly lockFile fa1359e4-type-detect-0-1-1 type-detect@0.1.1
265 verbose lock type-detect@0.1.1 /Users/tflatt/.npm/fa1359e4-type-detect-0-1-1.lock
266 verbose request where is /type-detect
267 verbose request registry https://registry.npmjs.org/
268 verbose url raw /type-detect
269 verbose url resolving [ 'https://registry.npmjs.org/', './type-detect' ]
270 verbose url resolved https://registry.npmjs.org/type-detect
271 verbose request where is https://registry.npmjs.org/type-detect
272 info trying registry request attempt 1 at 21:19:43
273 http GET https://registry.npmjs.org/type-detect
274 http 200 https://registry.npmjs.org/type-detect
275 silly registry.get cb [ 200,
275 silly registry.get   { date: 'Thu, 13 Nov 2014 03:19:43 GMT',
275 silly registry.get     server: 'CouchDB/1.5.0 (Erlang OTP/R16B03)',
275 silly registry.get     etag: '"5SJKW7QM36VS0J362U7E6ZY7R"',
275 silly registry.get     'content-type': 'application/json',
275 silly registry.get     'cache-control': 'max-age=60',
275 silly registry.get     'content-length': '24771',
275 silly registry.get     'accept-ranges': 'bytes',
275 silly registry.get     via: '1.1 varnish',
275 silly registry.get     age: '0',
275 silly registry.get     'x-served-by': 'cache-dfw1832-DFW',
275 silly registry.get     'x-cache': 'HIT',
275 silly registry.get     'x-cache-hits': '1',
275 silly registry.get     'x-timer': 'S1415848783.333063,VS0,VE182',
275 silly registry.get     vary: 'Accept',
275 silly registry.get     'keep-alive': 'timeout=10, max=50',
275 silly registry.get     connection: 'Keep-Alive' } ]
276 silly lockFile 52825bac-ype-detect-type-detect-0-1-1-tgz https://registry.npmjs.org/type-detect/-/type-detect-0.1.1.tgz
277 verbose lock https://registry.npmjs.org/type-detect/-/type-detect-0.1.1.tgz /Users/tflatt/.npm/52825bac-ype-detect-type-detect-0-1-1-tgz.lock
278 verbose addRemoteTarball [ 'https://registry.npmjs.org/type-detect/-/type-detect-0.1.1.tgz',
278 verbose addRemoteTarball   '0ba5ec2a885640e470ea4e8505971900dac58822' ]
279 info retry fetch attempt 1 at 21:19:43
280 verbose fetch to= /var/folders/fz/cy04fzqx3wbcgfmy97llt17m0000gn/T/npm-6800-x3_qDlW7/registry.npmjs.org/type-detect/-/type-detect-0.1.1.tgz
281 http GET https://registry.npmjs.org/type-detect/-/type-detect-0.1.1.tgz
282 http 200 https://registry.npmjs.org/type-detect/-/type-detect-0.1.1.tgz
283 silly lockFile 52825bac-ype-detect-type-detect-0-1-1-tgz https://registry.npmjs.org/type-detect/-/type-detect-0.1.1.tgz
284 silly lockFile 52825bac-ype-detect-type-detect-0-1-1-tgz https://registry.npmjs.org/type-detect/-/type-detect-0.1.1.tgz
285 silly lockFile fa1359e4-type-detect-0-1-1 type-detect@0.1.1
286 silly lockFile fa1359e4-type-detect-0-1-1 type-detect@0.1.1
287 silly resolved [ { name: 'type-detect',
287 silly resolved     version: '0.1.1',
287 silly resolved     description: 'Improved typeof detection for node.js and the browser.',
287 silly resolved     author:
287 silly resolved      { name: 'Jake Luer',
287 silly resolved        email: 'jake@alogicalparadox.com',
287 silly resolved        url: 'http://alogicalparadox.com' },
287 silly resolved     license: 'MIT',
287 silly resolved     keywords: [],
287 silly resolved     repository: { type: 'git', url: 'git@github.com:chaijs/type-detect.git' },
287 silly resolved     engines: { node: '*' },
287 silly resolved     main: './index',
287 silly resolved     scripts: { test: 'make test' },
287 silly resolved     dependencies: {},
287 silly resolved     devDependencies:
287 silly resolved      { component: '*',
287 silly resolved        coveralls: '2.0.16',
287 silly resolved        jscoverage: '0.3.7',
287 silly resolved        mocha: '*',
287 silly resolved        'mocha-lcov-reporter': '0.0.1',
287 silly resolved        'mocha-phantomjs': '*',
287 silly resolved        'simple-assert': '*' },
287 silly resolved     readme: '# type-detect [![Build Status](https://travis-ci.org/chaijs/type-detect.png?branch=master)](https://travis-ci.org/chaijs/type-detect) [![Coverage Status](https://coveralls.io/repos/chaijs/type-detect/badge.png?branch=master)](https://coveralls.io/r/chaijs/type-detect?branch=master)\n\n> Improved typeof detection for node.js and the browser.\n\n## Installation\n\n### Node.js\n\n`type-detect` is available on [npm](http://npmjs.org).\n\n    $ npm install type-detect\n\n### Component\n\n`type-detect` is available as a [component](https://github.com/component/component).\n\n    $ component install chaijs/type-detect\n\n## Usage\n\n### Primary\n\nThe primary export of `type-detect` is function that can server as a replacement for \n`typeof`. The results of this function will be more specific than that of native `typeof`.\n\n```js\nvar type = require(\'type-detect\');\n```\n\n#### array\n\n```js\nassert(\'array\' === type([]));\nassert(\'array\' === type(new Array()));\n```\n\n#### regexp\n\n```js\nassert(\'regexp\' === type(/a-z/gi));\nassert(\'regexp\' === type(new RegExp(\'a-z\')));\n```\n\n#### function\n\n```js\nassert(\'function\' === type(function () {}));\n```\n\n#### arguments\n\n```js\n(function () {\n  assert(\'arguments\' === type(arguments));\n})();\n```\n\n#### date\n\n```js\nassert(\'date\' === type(new Date));\n```\n\n#### number\n\n```js\nassert(\'number\' === type(1));\nassert(\'number\' === type(1.234));\nassert(\'number\' === type(-1));\nassert(\'number\' === type(-1.234));\nassert(\'number\' === type(Infinity));\nassert(\'number\' === type(NaN));\n```\n\n#### string\n\n```js\nassert(\'string\' === type(\'hello world\'));\n```\n\n#### null\n\n```js\nassert(\'null\' === type(null));\nassert(\'null\' !== type(undefined));\n```\n\n#### undefined\n\n```js\nassert(\'undefined\' === type(undefined));\nassert(\'undefined\' !== type(null));\n```\n\n#### object\n\n```js\nvar Noop = function () {};\nassert(\'object\' === type({}));\nassert(\'object\' !== type(Noop));\nassert(\'object\' === type(new Noop));\nassert(\'object\' === type(new Object));\nassert(\'object\' === type(new String(\'hello\')));\n```\n\n### Library\n\nA `Library` is a small constructed repository for custom type detections.\n\n```js\nvar lib = new type.Library;\n```\n\n#### .of (obj)\n\n* **@param** _{Mixed}_ object to test\n* **@return** _{String}_  type\n\nExpose replacement `typeof` detection to the library.\n\n```js\nif (\'string\' === lib.of(\'hello world\')) {\n  // ...\n}\n```\n\n\n#### .define (type, test)\n\n* **@param** _{String}_ type \n* **@param** _{RegExp|Function}_ test \n\nAdd a test to for the `.test()` assertion.\n\nCan be defined as a regular expression:\n\n```js\nlib.define(\'int\', /^[0-9]+$/);\n```\n\n... or as a function:\n\n```js\nlib.define(\'bln\', function (obj) {\n  if (\'boolean\' === lib.of(obj)) return true;\n  var blns = [ \'yes\', \'no\', \'true\', \'false\', 1, 0 ];\n  if (\'string\' === lib.of(obj)) obj = obj.toLowerCase();\n  return !! ~blns.indexOf(obj);\n});\n```\n\n\n#### .test (obj, test)\n\n* **@param** _{Mixed}_ object \n* **@param** _{String}_ type \n* **@return** _{Boolean}_  result\n\nAssert that an object is of type. Will first\ncheck natives, and if that does not pass it will\nuse the user defined custom tests.\n\n```js\nassert(lib.test(\'1\', \'int\'));\nassert(lib.test(\'yes\', \'bln\'));\n```\n\n\n\n\n## License\n\n(The MIT License)\n\nCopyright (c) 2013 Jake Luer <jake@alogicalparadox.com> (http://alogicalparadox.com)\n\nPermission is hereby granted, free of charge, to any person obtaining a copy\nof this software and associated documentation files (the "Software"), to deal\nin the Software without restriction, including without limitation the rights\nto use, copy, modify, merge, publish, distribute, sublicense, and/or sell\ncopies of the Software, and to permit persons to whom the Software is\nfurnished to do so, subject to the following conditions:\n\nThe above copyright notice and this permission notice shall be included in\nall copies or substantial portions of the Software.\n\nTHE SOFTWARE IS PROVIDED "AS IS", WITHOUT WARRANTY OF ANY KIND, EXPRESS OR\nIMPLIED, INCLUDING BUT NOT LIMITED TO THE WARRANTIES OF MERCHANTABILITY,\nFITNESS FOR A PARTICULAR PURPOSE AND NONINFRINGEMENT. IN NO EVENT SHALL THE\nAUTHORS OR COPYRIGHT HOLDERS BE LIABLE FOR ANY CLAIM, DAMAGES OR OTHER\nLIABILITY, WHETHER IN AN ACTION OF CONTRACT, TORT OR OTHERWISE, ARISING FROM,\nOUT OF OR IN CONNECTION WITH THE SOFTWARE OR THE USE OR OTHER DEALINGS IN\nTHE SOFTWARE.\n',
287 silly resolved     readmeFilename: 'README.md',
287 silly resolved     bugs: { url: 'https://github.com/chaijs/type-detect/issues' },
287 silly resolved     _id: 'type-detect@0.1.1',
287 silly resolved     dist:
287 silly resolved      { shasum: '0ba5ec2a885640e470ea4e8505971900dac58822',
287 silly resolved        tarball: 'http://registry.npmjs.org/type-detect/-/type-detect-0.1.1.tgz' },
287 silly resolved     _from: 'type-detect@0.1.1',
287 silly resolved     _npmVersion: '1.3.11',
287 silly resolved     _npmUser: { name: 'jakeluer', email: 'jake@alogicalparadox.com' },
287 silly resolved     maintainers: [ [Object] ],
287 silly resolved     directories: {},
287 silly resolved     _shasum: '0ba5ec2a885640e470ea4e8505971900dac58822',
287 silly resolved     _resolved: 'https://registry.npmjs.org/type-detect/-/type-detect-0.1.1.tgz' } ]
288 info install type-detect@0.1.1 into /Users/tflatt/Documents/Projects/Javascript/Mockingbird/site/node_modules/chai/node_modules/deep-eql
289 info installOne type-detect@0.1.1
290 verbose node_modules/chai/node_modules/deep-eql/node_modules/type-detect unbuild
291 verbose tar unpack /Users/tflatt/.npm/type-detect/0.1.1/package.tgz
292 silly lockFile 8fd72165-eep-eql-node-modules-type-detect tar:///Users/tflatt/Documents/Projects/Javascript/Mockingbird/site/node_modules/chai/node_modules/deep-eql/node_modules/type-detect
293 verbose lock tar:///Users/tflatt/Documents/Projects/Javascript/Mockingbird/site/node_modules/chai/node_modules/deep-eql/node_modules/type-detect /Users/tflatt/.npm/8fd72165-eep-eql-node-modules-type-detect.lock
294 silly lockFile 21b74cbd-pm-type-detect-0-1-1-package-tgz tar:///Users/tflatt/.npm/type-detect/0.1.1/package.tgz
295 verbose lock tar:///Users/tflatt/.npm/type-detect/0.1.1/package.tgz /Users/tflatt/.npm/21b74cbd-pm-type-detect-0-1-1-package-tgz.lock
296 silly gunzTarPerm modes [ '755', '644' ]
297 silly gunzTarPerm extractEntry package.json
298 silly gunzTarPerm extractEntry .npmignore
299 silly gunzTarPerm extractEntry README.md
300 silly gunzTarPerm extractEntry index.js
301 silly gunzTarPerm extractEntry History.md
302 silly gunzTarPerm extractEntry lib/type.js
303 silly lockFile 8fd72165-eep-eql-node-modules-type-detect tar:///Users/tflatt/Documents/Projects/Javascript/Mockingbird/site/node_modules/chai/node_modules/deep-eql/node_modules/type-detect
304 silly lockFile 8fd72165-eep-eql-node-modules-type-detect tar:///Users/tflatt/Documents/Projects/Javascript/Mockingbird/site/node_modules/chai/node_modules/deep-eql/node_modules/type-detect
305 silly lockFile 21b74cbd-pm-type-detect-0-1-1-package-tgz tar:///Users/tflatt/.npm/type-detect/0.1.1/package.tgz
306 silly lockFile 21b74cbd-pm-type-detect-0-1-1-package-tgz tar:///Users/tflatt/.npm/type-detect/0.1.1/package.tgz
307 info preinstall type-detect@0.1.1
308 verbose readDependencies using package.json deps
309 verbose readDependencies using package.json deps
310 silly resolved []
311 verbose about to build /Users/tflatt/Documents/Projects/Javascript/Mockingbird/site/node_modules/chai/node_modules/deep-eql/node_modules/type-detect
312 info build /Users/tflatt/Documents/Projects/Javascript/Mockingbird/site/node_modules/chai/node_modules/deep-eql/node_modules/type-detect
313 verbose linkStuff [ false,
313 verbose linkStuff   false,
313 verbose linkStuff   false,
313 verbose linkStuff   '/Users/tflatt/Documents/Projects/Javascript/Mockingbird/site/node_modules/chai/node_modules/deep-eql/node_modules' ]
314 info linkStuff type-detect@0.1.1
315 verbose linkBins type-detect@0.1.1
316 verbose linkMans type-detect@0.1.1
317 verbose rebuildBundles type-detect@0.1.1
318 info install type-detect@0.1.1
319 info postinstall type-detect@0.1.1
320 verbose about to build /Users/tflatt/Documents/Projects/Javascript/Mockingbird/site/node_modules/chai/node_modules/deep-eql
321 info build /Users/tflatt/Documents/Projects/Javascript/Mockingbird/site/node_modules/chai/node_modules/deep-eql
322 verbose linkStuff [ false,
322 verbose linkStuff   false,
322 verbose linkStuff   false,
322 verbose linkStuff   '/Users/tflatt/Documents/Projects/Javascript/Mockingbird/site/node_modules/chai/node_modules' ]
323 info linkStuff deep-eql@0.1.3
324 verbose linkBins deep-eql@0.1.3
325 verbose linkMans deep-eql@0.1.3
326 verbose rebuildBundles deep-eql@0.1.3
327 verbose rebuildBundles [ 'type-detect' ]
328 info install deep-eql@0.1.3
329 info postinstall deep-eql@0.1.3
330 verbose about to build /Users/tflatt/Documents/Projects/Javascript/Mockingbird/site/node_modules/chai
331 info build /Users/tflatt/Documents/Projects/Javascript/Mockingbird/site/node_modules/chai
332 verbose linkStuff [ false,
332 verbose linkStuff   false,
332 verbose linkStuff   false,
332 verbose linkStuff   '/Users/tflatt/Documents/Projects/Javascript/Mockingbird/site/node_modules' ]
333 info linkStuff chai@1.10.0
334 verbose linkBins chai@1.10.0
335 verbose linkMans chai@1.10.0
336 verbose rebuildBundles chai@1.10.0
337 verbose rebuildBundles [ 'assertion-error', 'deep-eql' ]
338 info install chai@1.10.0
339 info postinstall chai@1.10.0
340 verbose saving { chai: '^1.10.0' }
341 error Error: EACCES, open '/Users/tflatt/Documents/Projects/Javascript/Mockingbird/site/package.json'
341 error  { [Error: EACCES, open '/Users/tflatt/Documents/Projects/Javascript/Mockingbird/site/package.json']
341 error   errno: 3,
341 error   code: 'EACCES',
341 error   path: '/Users/tflatt/Documents/Projects/Javascript/Mockingbird/site/package.json' }
342 error Please try running this command again as root/Administrator.
343 error System Darwin 14.0.0
344 error command "/usr/local/bin/node" "/usr/local/bin/npm" "install" "--save-dev" "chai"
345 error cwd /Users/tflatt/Documents/Projects/Javascript/Mockingbird/site
346 error node -v v0.10.33
347 error npm -v 1.4.28
348 error path /Users/tflatt/Documents/Projects/Javascript/Mockingbird/site/package.json
349 error code EACCES
350 error errno 3
351 error stack Error: EACCES, open '/Users/tflatt/Documents/Projects/Javascript/Mockingbird/site/package.json'
352 verbose exit [ 3, true ]
